<?xml version="1.0" encoding="utf-8"?>
<!DOCTYPE hibernate-configuration PUBLIC
	"-//Hibernate/Hibernate Configuration DTD 3.0//EN"
	"http://hibernate.sourceforge.net/hibernate-configuration-3.0.dtd">

<hibernate-configuration>
	<session-factory>
		<mapping resource="session.hbm.xml"/>
		<mapping resource="state_action.hbm.xml"/>
		<mapping resource="state.hbm.xml"/>
	    <mapping resource="patient_state.hbm.xml"/>
	    <mapping resource="form_instance.hbm.xml"/>
	    <mapping resource="location_tag_attribute.hbm.xml"/>
	    <mapping resource="location_tag_attribute_value.hbm.xml"/>
	</session-factory>
</hibernate-configuration>
