<?xml version="1.0" encoding="utf-8"?>
<!DOCTYPE hibernate-configuration PUBLIC
	"-//Hibernate/Hibernate Configuration DTD 3.0//EN"
	"http://hibernate.sourceforge.net/hibernate-configuration-3.0.dtd">

<hibernate-configuration>
	<session-factory>
		<mapping resource="chirdl_location_attribute_value.hbm.xml" />
		<mapping resource="chirdl_location_attribute.hbm.xml" />
		<mapping resource="encounter_attribute_value.hbm.xml" />
		<mapping resource="encounter_attribute.hbm.xml" />
		<mapping resource="error_category.hbm.xml" />
		<mapping resource="error.hbm.xml" />
		<mapping resource="form_attribute_value.hbm.xml" />
		<mapping resource="form_attribute.hbm.xml" />
		<mapping resource="form_instance_attribute_value.hbm.xml" />
		<mapping resource="form_instance_attribute.hbm.xml" />
		<mapping resource="form_instance.hbm.xml" />
		<mapping resource="location_tag_attribute_value.hbm.xml" />
		<mapping resource="location_tag_attribute.hbm.xml" />
		<mapping resource="obs_attribute_value.hbm.xml" />
		<mapping resource="obs_attribute.hbm.xml" />
		<mapping resource="patient_state.hbm.xml" />
		<mapping resource="program_tag_map.hbm.xml" />
		<mapping resource="program.hbm.xml" />
		<mapping resource="session.hbm.xml" />
		<mapping resource="state_action.hbm.xml" />
		<mapping resource="state_mapping.hbm.xml" />
		<mapping resource="state.hbm.xml" />
	</session-factory>
</hibernate-configuration>
